C:\USERS\RAFAEL\DOCUMENTS\VISUAL STUDIO 2010\PROJECTS\OART\DEBUG\MARKER.DLL
C:\USERS\RAFAEL\DOCUMENTS\VISUAL STUDIO 2010\PROJECTS\OART\DEBUG\MARKER.ILK
C:\USERS\RAFAEL\DOCUMENTS\VISUAL STUDIO 2010\PROJECTS\OART\DEBUG\MARKER.PDB
C:\USERS\RAFAEL\DOCUMENTS\VISUAL STUDIO 2010\PROJECTS\OART\MARKER\DEBUG\.NETFRAMEWORK,VERSION=V4.0.ASSEMBLYATTRIBUTES.OBJ
C:\USERS\RAFAEL\DOCUMENTS\VISUAL STUDIO 2010\PROJECTS\OART\MARKER\DEBUG\APP.RES
C:\USERS\RAFAEL\DOCUMENTS\VISUAL STUDIO 2010\PROJECTS\OART\MARKER\DEBUG\ASSEMBLYINFO.OBJ
C:\Users\Rafael\Documents\Visual Studio 2010\Projects\OART\Marker\Debug\cl.command.1.tlog
C:\Users\Rafael\Documents\Visual Studio 2010\Projects\OART\Marker\Debug\CL.read.1.tlog
C:\Users\Rafael\Documents\Visual Studio 2010\Projects\OART\Marker\Debug\CL.write.1.tlog
C:\Users\Rafael\Documents\Visual Studio 2010\Projects\OART\Marker\Debug\link.1532.read.1.tlog
C:\Users\Rafael\Documents\Visual Studio 2010\Projects\OART\Marker\Debug\link.1532.write.1.tlog
C:\Users\Rafael\Documents\Visual Studio 2010\Projects\OART\Marker\Debug\link.1532-cvtres.read.1.tlog
C:\Users\Rafael\Documents\Visual Studio 2010\Projects\OART\Marker\Debug\link.1532-cvtres.write.1.tlog
C:\Users\Rafael\Documents\Visual Studio 2010\Projects\OART\Marker\Debug\link.command.1.tlog
C:\Users\Rafael\Documents\Visual Studio 2010\Projects\OART\Marker\Debug\link.read.1.tlog
C:\Users\Rafael\Documents\Visual Studio 2010\Projects\OART\Marker\Debug\link.write.1.tlog
C:\USERS\RAFAEL\DOCUMENTS\VISUAL STUDIO 2010\PROJECTS\OART\MARKER\DEBUG\MARKER.DLL.INTERMEDIATE.MANIFEST
C:\USERS\RAFAEL\DOCUMENTS\VISUAL STUDIO 2010\PROJECTS\OART\MARKER\DEBUG\MARKER.OBJ
C:\USERS\RAFAEL\DOCUMENTS\VISUAL STUDIO 2010\PROJECTS\OART\MARKER\DEBUG\MARKER.PCH
C:\Users\Rafael\Documents\Visual Studio 2010\Projects\OART\Marker\Debug\Marker.write.1.tlog
C:\Users\Rafael\Documents\Visual Studio 2010\Projects\OART\Marker\Debug\mt.command.1.tlog
C:\Users\Rafael\Documents\Visual Studio 2010\Projects\OART\Marker\Debug\mt.read.1.tlog
C:\Users\Rafael\Documents\Visual Studio 2010\Projects\OART\Marker\Debug\mt.write.1.tlog
C:\Users\Rafael\Documents\Visual Studio 2010\Projects\OART\Marker\Debug\rc.command.1.tlog
C:\Users\Rafael\Documents\Visual Studio 2010\Projects\OART\Marker\Debug\rc.read.1.tlog
C:\Users\Rafael\Documents\Visual Studio 2010\Projects\OART\Marker\Debug\rc.write.1.tlog
C:\USERS\RAFAEL\DOCUMENTS\VISUAL STUDIO 2010\PROJECTS\OART\MARKER\DEBUG\STDAFX.OBJ
C:\USERS\RAFAEL\DOCUMENTS\VISUAL STUDIO 2010\PROJECTS\OART\MARKER\DEBUG\VC100.PDB
